<?xml version="1.0" encoding="UTF-8"?>
<testng-results ignored="0" total="1" passed="1" failed="0" skipped="0">
  <reporter-output>
  </reporter-output>
  <suite started-at="2022-02-20T12:47:11 IST" name="Default suite" finished-at="2022-02-20T12:47:31 IST" duration-ms="20196">
    <groups>
    </groups>
    <test started-at="2022-02-20T12:47:11 IST" name="Default test" finished-at="2022-02-20T12:47:31 IST" duration-ms="20196">
      <class name="functionaljava8.HandlingStateElementwithFunctionInterface">
        <test-method signature="handleStaleElementwithFunctionInterface()[pri:0, instance:functionaljava8.HandlingStateElementwithFunctionInterface@4a883b15]" started-at="2022-02-20T12:47:11 IST" name="handleStaleElementwithFunctionInterface" finished-at="2022-02-20T12:47:31 IST" duration-ms="20163" status="PASS">
          <reporter-output>
          </reporter-output>
        </test-method> <!-- handleStaleElementwithFunctionInterface -->
      </class> <!-- functionaljava8.HandlingStateElementwithFunctionInterface -->
    </test> <!-- Default test -->
  </suite> <!-- Default suite -->
</testng-results>
